objc[10667]: Class AXEmojiUtilities is implemented in both /Applications/Xcode.app/Contents/Developer/Platforms/iPhoneSimulator.platform/Developer/SDKs/iPhoneSimulator7.0.sdk/System/Library/PrivateFrameworks/AccessibilityUtilities.framework/AccessibilityUtilities and /Applications/Xcode.app/Contents/Developer/Platforms/iPhoneSimulator.platform/Developer/SDKs/iPhoneSimulator7.0.sdk/usr/lib/libAXSpeechManager.dylib. One of the two will be used. Which one is undefined.
2013-11-02 11:50:21.963 sample-auto-upgrade[10667:80b] Cannot find executable for CFBundle 0xa673100 </Applications/Xcode.app/Contents/Developer/Platforms/iPhoneSimulator.platform/Developer/SDKs/iPhoneSimulator7.0.sdk/System/Library/AccessibilityBundles/GeoServices.axbundle> (not loaded)
2013-11-02 11:50:21.975 sample-auto-upgrade[10667:80b] Cannot find executable for CFBundle 0xb2da460 </Applications/Xcode.app/Contents/Developer/Platforms/iPhoneSimulator.platform/Developer/SDKs/iPhoneSimulator7.0.sdk/System/Library/AccessibilityBundles/CertUIFramework.axbundle> (not loaded)
2013-11-02 11:50:22.033 sample-auto-upgrade[10667:80b] Multi-tasking -> Device: YES, App: YES
2013-11-02 11:50:22.037 sample-auto-upgrade[10667:80b] Unlimited access to network resources
2013-11-02 11:50:22.119 sample-auto-upgrade[10667:80b] Resetting plugins due to page load.
2013-11-02 11:50:22.234 sample-auto-upgrade[10667:80b] Finished load of: file:///Users/sganeshji/Library/Application%20Support/iPhone%20Simulator/7.0.3/Applications/044B2548-2F6E-4092-ACC0-F0E843FDAFBB/sample-auto-upgrade.app/www/index.html
2013-11-02 11:50:22.281 sample-auto-upgrade[10667:80b] ---------- Device is ready: --
2013-11-02 11:50:22.282 sample-auto-upgrade[10667:80b] ---------- File System Name: persistent
2013-11-02 11:50:22.282 sample-auto-upgrade[10667:80b] ---------- Persistent Dir: --
2013-11-02 11:50:22.282 sample-auto-upgrade[10667:80b] ---------- Is File?: false
2013-11-02 11:50:22.282 sample-auto-upgrade[10667:80b] ---------- Is Dir?: true
2013-11-02 11:50:22.283 sample-auto-upgrade[10667:80b] ---------- Name: Documents
2013-11-02 11:50:22.283 sample-auto-upgrade[10667:80b] ---------- FullPath: /Users/sganeshji/Library/Application Support/iPhone Simulator/7.0.3/Applications/044B2548-2F6E-4092-ACC0-F0E843FDAFBB/Documents
2013-11-02 11:50:22.283 sample-auto-upgrade[10667:80b] ---------- File System Name: temporary
2013-11-02 11:50:22.283 sample-auto-upgrade[10667:80b] ---------- Temporary Dir: --
2013-11-02 11:50:22.284 sample-auto-upgrade[10667:80b] ---------- Is File?: false
2013-11-02 11:50:22.284 sample-auto-upgrade[10667:80b] ---------- Is Dir?: true
2013-11-02 11:50:22.284 sample-auto-upgrade[10667:80b] ---------- Name: tmp
2013-11-02 11:50:22.284 sample-auto-upgrade[10667:80b] ---------- FullPath: /Users/sganeshji/Library/Application Support/iPhone Simulator/7.0.3/Applications/044B2548-2F6E-4092-ACC0-F0E843FDAFBB/tmp
2013-11-02 11:50:22.285 sample-auto-upgrade[10667:80b] ---------- File System Name: persistent
2013-11-02 11:50:22.285 sample-auto-upgrade[10667:80b] ---------- Application Dir: --
2013-11-02 11:50:22.285 sample-auto-upgrade[10667:80b] ---------- Is File?: false
2013-11-02 11:50:22.285 sample-auto-upgrade[10667:80b] ---------- Is Dir?: true
2013-11-02 11:50:22.285 sample-auto-upgrade[10667:80b] ---------- Name: Library
2013-11-02 11:50:22.286 sample-auto-upgrade[10667:80b] ---------- FullPath: /Users/sganeshji/Library/Application Support/iPhone Simulator/7.0.3/Applications/044B2548-2F6E-4092-ACC0-F0E843FDAFBB/Documents/../Library
2013-11-02 11:50:22.286 sample-auto-upgrade[10667:80b] ---------- File/Dir Name: Caches
2013-11-02 11:50:22.286 sample-auto-upgrade[10667:80b] ---------- File/Dir Name: Preferences
2013-11-02 11:50:22.290 sample-auto-upgrade[10667:80b] ---------- Error: Failed to download manifest.json
objc[10758]: Class AXEmojiUtilities is implemented in both /Applications/Xcode.app/Contents/Developer/Platforms/iPhoneSimulator.platform/Developer/SDKs/iPhoneSimulator7.0.sdk/System/Library/PrivateFrameworks/AccessibilityUtilities.framework/AccessibilityUtilities and /Applications/Xcode.app/Contents/Developer/Platforms/iPhoneSimulator.platform/Developer/SDKs/iPhoneSimulator7.0.sdk/usr/lib/libAXSpeechManager.dylib. One of the two will be used. Which one is undefined.
2013-11-02 11:54:41.047 sample-auto-upgrade[10758:80b] Cannot find executable for CFBundle 0xa5a4ce0 </Applications/Xcode.app/Contents/Developer/Platforms/iPhoneSimulator.platform/Developer/SDKs/iPhoneSimulator7.0.sdk/System/Library/AccessibilityBundles/GeoServices.axbundle> (not loaded)
2013-11-02 11:54:41.061 sample-auto-upgrade[10758:80b] Cannot find executable for CFBundle 0xa6b5980 </Applications/Xcode.app/Contents/Developer/Platforms/iPhoneSimulator.platform/Developer/SDKs/iPhoneSimulator7.0.sdk/System/Library/AccessibilityBundles/CertUIFramework.axbundle> (not loaded)
2013-11-02 11:54:41.116 sample-auto-upgrade[10758:80b] Multi-tasking -> Device: YES, App: YES
2013-11-02 11:54:41.123 sample-auto-upgrade[10758:80b] Unlimited access to network resources
2013-11-02 11:54:41.228 sample-auto-upgrade[10758:80b] Resetting plugins due to page load.
2013-11-02 11:54:41.285 sample-auto-upgrade[10758:80b] Finished load of: file:///Users/sganeshji/Library/Application%20Support/iPhone%20Simulator/7.0.3/Applications/044B2548-2F6E-4092-ACC0-F0E843FDAFBB/sample-auto-upgrade.app/www/index.html
2013-11-02 11:54:41.345 sample-auto-upgrade[10758:80b] ---------- Device is ready: --
2013-11-02 11:54:41.345 sample-auto-upgrade[10758:80b] ---------- File System Name: persistent
2013-11-02 11:54:41.345 sample-auto-upgrade[10758:80b] ---------- Persistent Dir: --
2013-11-02 11:54:41.346 sample-auto-upgrade[10758:80b] ---------- Is File?: false
2013-11-02 11:54:41.346 sample-auto-upgrade[10758:80b] ---------- Is Dir?: true
2013-11-02 11:54:41.346 sample-auto-upgrade[10758:80b] ---------- Name: Documents
2013-11-02 11:54:41.346 sample-auto-upgrade[10758:80b] ---------- FullPath: /Users/sganeshji/Library/Application Support/iPhone Simulator/7.0.3/Applications/044B2548-2F6E-4092-ACC0-F0E843FDAFBB/Documents
2013-11-02 11:54:41.347 sample-auto-upgrade[10758:80b] ---------- File System Name: temporary
2013-11-02 11:54:41.347 sample-auto-upgrade[10758:80b] ---------- Temporary Dir: --
2013-11-02 11:54:41.347 sample-auto-upgrade[10758:80b] ---------- Is File?: false
2013-11-02 11:54:41.347 sample-auto-upgrade[10758:80b] ---------- Is Dir?: true
2013-11-02 11:54:41.348 sample-auto-upgrade[10758:80b] ---------- Name: tmp
2013-11-02 11:54:41.348 sample-auto-upgrade[10758:80b] ---------- FullPath: /Users/sganeshji/Library/Application Support/iPhone Simulator/7.0.3/Applications/044B2548-2F6E-4092-ACC0-F0E843FDAFBB/tmp
2013-11-02 11:54:41.348 sample-auto-upgrade[10758:80b] ---------- File System Name: persistent
2013-11-02 11:54:41.348 sample-auto-upgrade[10758:80b] ---------- Application Dir: --
2013-11-02 11:54:41.349 sample-auto-upgrade[10758:80b] ---------- Is File?: false
2013-11-02 11:54:41.349 sample-auto-upgrade[10758:80b] ---------- Is Dir?: true
2013-11-02 11:54:41.349 sample-auto-upgrade[10758:80b] ---------- Name: Library
2013-11-02 11:54:41.349 sample-auto-upgrade[10758:80b] ---------- FullPath: /Users/sganeshji/Library/Application Support/iPhone Simulator/7.0.3/Applications/044B2548-2F6E-4092-ACC0-F0E843FDAFBB/Documents/../Library
2013-11-02 11:54:41.349 sample-auto-upgrade[10758:80b] ---------- File/Dir Name: Caches
2013-11-02 11:54:41.350 sample-auto-upgrade[10758:80b] ---------- File/Dir Name: Preferences
2013-11-02 11:54:41.353 sample-auto-upgrade[10758:80b] ---------- Error: Failed to download manifest.json
objc[11230]: Class AXEmojiUtilities is implemented in both /Applications/Xcode.app/Contents/Developer/Platforms/iPhoneSimulator.platform/Developer/SDKs/iPhoneSimulator7.0.sdk/System/Library/PrivateFrameworks/AccessibilityUtilities.framework/AccessibilityUtilities and /Applications/Xcode.app/Contents/Developer/Platforms/iPhoneSimulator.platform/Developer/SDKs/iPhoneSimulator7.0.sdk/usr/lib/libAXSpeechManager.dylib. One of the two will be used. Which one is undefined.
2013-11-02 11:55:14.540 sample-auto-upgrade[11230:80b] Cannot find executable for CFBundle 0xa8bddb0 </Applications/Xcode.app/Contents/Developer/Platforms/iPhoneSimulator.platform/Developer/SDKs/iPhoneSimulator7.0.sdk/System/Library/AccessibilityBundles/CertUIFramework.axbundle> (not loaded)
2013-11-02 11:55:14.559 sample-auto-upgrade[11230:80b] Cannot find executable for CFBundle 0xa5bd890 </Applications/Xcode.app/Contents/Developer/Platforms/iPhoneSimulator.platform/Developer/SDKs/iPhoneSimulator7.0.sdk/System/Library/AccessibilityBundles/GeoServices.axbundle> (not loaded)
2013-11-02 11:55:14.605 sample-auto-upgrade[11230:80b] Multi-tasking -> Device: YES, App: YES
2013-11-02 11:55:14.610 sample-auto-upgrade[11230:80b] Unlimited access to network resources
2013-11-02 11:55:14.707 sample-auto-upgrade[11230:80b] Resetting plugins due to page load.
2013-11-02 11:55:14.759 sample-auto-upgrade[11230:80b] Finished load of: file:///Users/sganeshji/Library/Application%20Support/iPhone%20Simulator/7.0.3/Applications/044B2548-2F6E-4092-ACC0-F0E843FDAFBB/sample-auto-upgrade.app/www/index.html
2013-11-02 11:55:14.804 sample-auto-upgrade[11230:80b] ---------- Device is ready: --
2013-11-02 11:55:14.804 sample-auto-upgrade[11230:80b] ---------- File System Name: persistent
2013-11-02 11:55:14.805 sample-auto-upgrade[11230:80b] ---------- Persistent Dir: --
2013-11-02 11:55:14.805 sample-auto-upgrade[11230:80b] ---------- Is File?: false
2013-11-02 11:55:14.805 sample-auto-upgrade[11230:80b] ---------- Is Dir?: true
2013-11-02 11:55:14.805 sample-auto-upgrade[11230:80b] ---------- Name: Documents
2013-11-02 11:55:14.806 sample-auto-upgrade[11230:80b] ---------- FullPath: /Users/sganeshji/Library/Application Support/iPhone Simulator/7.0.3/Applications/044B2548-2F6E-4092-ACC0-F0E843FDAFBB/Documents
2013-11-02 11:55:14.806 sample-auto-upgrade[11230:80b] ---------- File System Name: temporary
2013-11-02 11:55:14.806 sample-auto-upgrade[11230:80b] ---------- Temporary Dir: --
2013-11-02 11:55:14.806 sample-auto-upgrade[11230:80b] ---------- Is File?: false
2013-11-02 11:55:14.807 sample-auto-upgrade[11230:80b] ---------- Is Dir?: true
2013-11-02 11:55:14.807 sample-auto-upgrade[11230:80b] ---------- Name: tmp
2013-11-02 11:55:14.807 sample-auto-upgrade[11230:80b] ---------- FullPath: /Users/sganeshji/Library/Application Support/iPhone Simulator/7.0.3/Applications/044B2548-2F6E-4092-ACC0-F0E843FDAFBB/tmp
2013-11-02 11:55:14.807 sample-auto-upgrade[11230:80b] ---------- File System Name: persistent
2013-11-02 11:55:14.808 sample-auto-upgrade[11230:80b] ---------- Application Dir: --
2013-11-02 11:55:14.808 sample-auto-upgrade[11230:80b] ---------- Is File?: false
2013-11-02 11:55:14.808 sample-auto-upgrade[11230:80b] ---------- Is Dir?: true
2013-11-02 11:55:14.808 sample-auto-upgrade[11230:80b] ---------- Name: Library
2013-11-02 11:55:14.809 sample-auto-upgrade[11230:80b] ---------- FullPath: /Users/sganeshji/Library/Application Support/iPhone Simulator/7.0.3/Applications/044B2548-2F6E-4092-ACC0-F0E843FDAFBB/Documents/../Library
2013-11-02 11:55:14.809 sample-auto-upgrade[11230:80b] ---------- File/Dir Name: Caches
2013-11-02 11:55:14.809 sample-auto-upgrade[11230:80b] ---------- File/Dir Name: Preferences
2013-11-02 11:55:14.814 sample-auto-upgrade[11230:80b] ---------- Success: Successfully downloaded manifest.json
2013-11-02 11:55:14.814 sample-auto-upgrade[11230:80b] ---------- Manifest - Version - Web: 1
2013-11-02 11:55:14.814 sample-auto-upgrade[11230:80b] ---------- Manifest - Version - iOS: 1
2013-11-02 11:55:14.814 sample-auto-upgrade[11230:80b] ---------- Manifest - Version - Android: 1
2013-11-02 11:55:14.814 sample-auto-upgrade[11230:80b] ---------- Manifest - files: ["src/script/script.js","src/style/style.css","src/image/image.png","src/index.html"]
objc[11344]: Class AXEmojiUtilities is implemented in both /Applications/Xcode.app/Contents/Developer/Platforms/iPhoneSimulator.platform/Developer/SDKs/iPhoneSimulator7.0.sdk/System/Library/PrivateFrameworks/AccessibilityUtilities.framework/AccessibilityUtilities and /Applications/Xcode.app/Contents/Developer/Platforms/iPhoneSimulator.platform/Developer/SDKs/iPhoneSimulator7.0.sdk/usr/lib/libAXSpeechManager.dylib. One of the two will be used. Which one is undefined.
2013-11-02 12:04:28.045 sample-auto-upgrade[11344:80b] Cannot find executable for CFBundle 0xa82ae90 </Applications/Xcode.app/Contents/Developer/Platforms/iPhoneSimulator.platform/Developer/SDKs/iPhoneSimulator7.0.sdk/System/Library/AccessibilityBundles/GeoServices.axbundle> (not loaded)
2013-11-02 12:04:28.055 sample-auto-upgrade[11344:80b] Cannot find executable for CFBundle 0xa6450c0 </Applications/Xcode.app/Contents/Developer/Platforms/iPhoneSimulator.platform/Developer/SDKs/iPhoneSimulator7.0.sdk/System/Library/AccessibilityBundles/CertUIFramework.axbundle> (not loaded)
2013-11-02 12:04:28.117 sample-auto-upgrade[11344:80b] Multi-tasking -> Device: YES, App: YES
2013-11-02 12:04:28.122 sample-auto-upgrade[11344:80b] Unlimited access to network resources
2013-11-02 12:04:28.218 sample-auto-upgrade[11344:80b] Resetting plugins due to page load.
2013-11-02 12:04:28.266 sample-auto-upgrade[11344:80b] Finished load of: file:///Users/sganeshji/Library/Application%20Support/iPhone%20Simulator/7.0.3/Applications/044B2548-2F6E-4092-ACC0-F0E843FDAFBB/sample-auto-upgrade.app/www/index.html
2013-11-02 12:04:28.325 sample-auto-upgrade[11344:80b] ---------- Device is ready: --
2013-11-02 12:04:28.325 sample-auto-upgrade[11344:80b] ---------- File System Name: persistent
2013-11-02 12:04:28.326 sample-auto-upgrade[11344:80b] ---------- Persistent Dir: --
2013-11-02 12:04:28.326 sample-auto-upgrade[11344:80b] ---------- Is File?: false
2013-11-02 12:04:28.326 sample-auto-upgrade[11344:80b] ---------- Is Dir?: true
2013-11-02 12:04:28.326 sample-auto-upgrade[11344:80b] ---------- Name: Documents
2013-11-02 12:04:28.327 sample-auto-upgrade[11344:80b] ---------- FullPath: /Users/sganeshji/Library/Application Support/iPhone Simulator/7.0.3/Applications/044B2548-2F6E-4092-ACC0-F0E843FDAFBB/Documents
2013-11-02 12:04:28.327 sample-auto-upgrade[11344:80b] ---------- File System Name: temporary
2013-11-02 12:04:28.327 sample-auto-upgrade[11344:80b] ---------- Temporary Dir: --
2013-11-02 12:04:28.327 sample-auto-upgrade[11344:80b] ---------- Is File?: false
2013-11-02 12:04:28.328 sample-auto-upgrade[11344:80b] ---------- Is Dir?: true
2013-11-02 12:04:28.328 sample-auto-upgrade[11344:80b] ---------- Name: tmp
2013-11-02 12:04:28.328 sample-auto-upgrade[11344:80b] ---------- FullPath: /Users/sganeshji/Library/Application Support/iPhone Simulator/7.0.3/Applications/044B2548-2F6E-4092-ACC0-F0E843FDAFBB/tmp
2013-11-02 12:04:28.328 sample-auto-upgrade[11344:80b] ---------- File System Name: persistent
2013-11-02 12:04:28.328 sample-auto-upgrade[11344:80b] ---------- Application Dir: --
2013-11-02 12:04:28.329 sample-auto-upgrade[11344:80b] ---------- Is File?: false
2013-11-02 12:04:28.329 sample-auto-upgrade[11344:80b] ---------- Is Dir?: true
2013-11-02 12:04:28.329 sample-auto-upgrade[11344:80b] ---------- Name: Library
2013-11-02 12:04:28.329 sample-auto-upgrade[11344:80b] ---------- FullPath: /Users/sganeshji/Library/Application Support/iPhone Simulator/7.0.3/Applications/044B2548-2F6E-4092-ACC0-F0E843FDAFBB/Documents/../Library
2013-11-02 12:04:28.329 sample-auto-upgrade[11344:80b] ---------- File/Dir Name: Caches
2013-11-02 12:04:28.330 sample-auto-upgrade[11344:80b] ---------- File/Dir Name: Preferences
2013-11-02 12:04:28.333 sample-auto-upgrade[11344:80b] ---------- Success: Successfully downloaded manifest.json
2013-11-02 12:04:28.333 sample-auto-upgrade[11344:80b] ---------- Manifest - Version - Web: 1
2013-11-02 12:04:28.334 sample-auto-upgrade[11344:80b] ---------- Manifest - Version - iOS: 1
2013-11-02 12:04:28.334 sample-auto-upgrade[11344:80b] ---------- Manifest - Version - Android: 1
2013-11-02 12:04:28.334 sample-auto-upgrade[11344:80b] ---------- Manifest - files: ["src/script/script.js","src/style/style.css","src/image/image.png","src/index.html"]
objc[11413]: Class AXEmojiUtilities is implemented in both /Applications/Xcode.app/Contents/Developer/Platforms/iPhoneSimulator.platform/Developer/SDKs/iPhoneSimulator7.0.sdk/System/Library/PrivateFrameworks/AccessibilityUtilities.framework/AccessibilityUtilities and /Applications/Xcode.app/Contents/Developer/Platforms/iPhoneSimulator.platform/Developer/SDKs/iPhoneSimulator7.0.sdk/usr/lib/libAXSpeechManager.dylib. One of the two will be used. Which one is undefined.
2013-11-02 12:04:47.322 sample-auto-upgrade[11413:80b] Cannot find executable for CFBundle 0xa48b150 </Applications/Xcode.app/Contents/Developer/Platforms/iPhoneSimulator.platform/Developer/SDKs/iPhoneSimulator7.0.sdk/System/Library/AccessibilityBundles/CertUIFramework.axbundle> (not loaded)
2013-11-02 12:04:47.343 sample-auto-upgrade[11413:80b] Cannot find executable for CFBundle 0xa491990 </Applications/Xcode.app/Contents/Developer/Platforms/iPhoneSimulator.platform/Developer/SDKs/iPhoneSimulator7.0.sdk/System/Library/AccessibilityBundles/GeoServices.axbundle> (not loaded)
2013-11-02 12:04:47.399 sample-auto-upgrade[11413:80b] Multi-tasking -> Device: YES, App: YES
2013-11-02 12:04:47.404 sample-auto-upgrade[11413:80b] Unlimited access to network resources
2013-11-02 12:04:47.509 sample-auto-upgrade[11413:80b] Resetting plugins due to page load.
2013-11-02 12:04:47.559 sample-auto-upgrade[11413:80b] Finished load of: file:///Users/sganeshji/Library/Application%20Support/iPhone%20Simulator/7.0.3/Applications/044B2548-2F6E-4092-ACC0-F0E843FDAFBB/sample-auto-upgrade.app/www/index.html
2013-11-02 12:04:47.612 sample-auto-upgrade[11413:80b] ---------- Device is ready: --
2013-11-02 12:04:47.612 sample-auto-upgrade[11413:80b] ---------- File System Name: persistent
2013-11-02 12:04:47.613 sample-auto-upgrade[11413:80b] ---------- Persistent Dir: --
2013-11-02 12:04:47.613 sample-auto-upgrade[11413:80b] ---------- Is File?: false
2013-11-02 12:04:47.613 sample-auto-upgrade[11413:80b] ---------- Is Dir?: true
2013-11-02 12:04:47.613 sample-auto-upgrade[11413:80b] ---------- Name: Documents
2013-11-02 12:04:47.614 sample-auto-upgrade[11413:80b] ---------- FullPath: /Users/sganeshji/Library/Application Support/iPhone Simulator/7.0.3/Applications/044B2548-2F6E-4092-ACC0-F0E843FDAFBB/Documents
2013-11-02 12:04:47.614 sample-auto-upgrade[11413:80b] ---------- File System Name: temporary
2013-11-02 12:04:47.614 sample-auto-upgrade[11413:80b] ---------- Temporary Dir: --
2013-11-02 12:04:47.614 sample-auto-upgrade[11413:80b] ---------- Is File?: false
2013-11-02 12:04:47.615 sample-auto-upgrade[11413:80b] ---------- Is Dir?: true
2013-11-02 12:04:47.615 sample-auto-upgrade[11413:80b] ---------- Name: tmp
2013-11-02 12:04:47.615 sample-auto-upgrade[11413:80b] ---------- FullPath: /Users/sganeshji/Library/Application Support/iPhone Simulator/7.0.3/Applications/044B2548-2F6E-4092-ACC0-F0E843FDAFBB/tmp
2013-11-02 12:04:47.615 sample-auto-upgrade[11413:80b] ---------- File System Name: persistent
2013-11-02 12:04:47.615 sample-auto-upgrade[11413:80b] ---------- Application Dir: --
2013-11-02 12:04:47.616 sample-auto-upgrade[11413:80b] ---------- Is File?: false
2013-11-02 12:04:47.616 sample-auto-upgrade[11413:80b] ---------- Is Dir?: true
2013-11-02 12:04:47.616 sample-auto-upgrade[11413:80b] ---------- Name: Library
2013-11-02 12:04:47.616 sample-auto-upgrade[11413:80b] ---------- FullPath: /Users/sganeshji/Library/Application Support/iPhone Simulator/7.0.3/Applications/044B2548-2F6E-4092-ACC0-F0E843FDAFBB/Documents/../Library
2013-11-02 12:04:47.616 sample-auto-upgrade[11413:80b] ---------- File/Dir Name: Caches
2013-11-02 12:04:47.617 sample-auto-upgrade[11413:80b] ---------- File/Dir Name: Preferences
2013-11-02 12:04:47.620 sample-auto-upgrade[11413:80b] ---------- Success: Successfully downloaded manifest.json
2013-11-02 12:04:47.620 sample-auto-upgrade[11413:80b] ---------- Manifest - Version - Web: 1
2013-11-02 12:04:47.620 sample-auto-upgrade[11413:80b] ---------- Manifest - Version - iOS: 1
2013-11-02 12:04:47.621 sample-auto-upgrade[11413:80b] ---------- Manifest - Version - Android: 1
2013-11-02 12:04:47.621 sample-auto-upgrade[11413:80b] ---------- Manifest - files: ["src/script/script.js","src/style/style.css","src/image/image.png","src/index.html"]
objc[11886]: Class AXEmojiUtilities is implemented in both /Applications/Xcode.app/Contents/Developer/Platforms/iPhoneSimulator.platform/Developer/SDKs/iPhoneSimulator7.0.sdk/System/Library/PrivateFrameworks/AccessibilityUtilities.framework/AccessibilityUtilities and /Applications/Xcode.app/Contents/Developer/Platforms/iPhoneSimulator.platform/Developer/SDKs/iPhoneSimulator7.0.sdk/usr/lib/libAXSpeechManager.dylib. One of the two will be used. Which one is undefined.
2013-11-02 12:05:24.931 sample-auto-upgrade[11886:80b] Cannot find executable for CFBundle 0xa627920 </Applications/Xcode.app/Contents/Developer/Platforms/iPhoneSimulator.platform/Developer/SDKs/iPhoneSimulator7.0.sdk/System/Library/AccessibilityBundles/GeoServices.axbundle> (not loaded)
2013-11-02 12:05:24.950 sample-auto-upgrade[11886:80b] Cannot find executable for CFBundle 0xa65db40 </Applications/Xcode.app/Contents/Developer/Platforms/iPhoneSimulator.platform/Developer/SDKs/iPhoneSimulator7.0.sdk/System/Library/AccessibilityBundles/CertUIFramework.axbundle> (not loaded)
2013-11-02 12:05:25.016 sample-auto-upgrade[11886:80b] Multi-tasking -> Device: YES, App: YES
2013-11-02 12:05:25.021 sample-auto-upgrade[11886:80b] Unlimited access to network resources
2013-11-02 12:05:25.132 sample-auto-upgrade[11886:80b] Resetting plugins due to page load.
2013-11-02 12:05:25.178 sample-auto-upgrade[11886:80b] Finished load of: file:///Users/sganeshji/Library/Application%20Support/iPhone%20Simulator/7.0.3/Applications/044B2548-2F6E-4092-ACC0-F0E843FDAFBB/sample-auto-upgrade.app/www/index.html
2013-11-02 12:05:25.220 sample-auto-upgrade[11886:80b] ---------- Device is ready: --
2013-11-02 12:05:25.220 sample-auto-upgrade[11886:80b] ---------- File System Name: persistent
2013-11-02 12:05:25.221 sample-auto-upgrade[11886:80b] ---------- Persistent Dir: --
2013-11-02 12:05:25.221 sample-auto-upgrade[11886:80b] ---------- Is File?: false
2013-11-02 12:05:25.221 sample-auto-upgrade[11886:80b] ---------- Is Dir?: true
2013-11-02 12:05:25.221 sample-auto-upgrade[11886:80b] ---------- Name: Documents
2013-11-02 12:05:25.221 sample-auto-upgrade[11886:80b] ---------- FullPath: /Users/sganeshji/Library/Application Support/iPhone Simulator/7.0.3/Applications/044B2548-2F6E-4092-ACC0-F0E843FDAFBB/Documents
2013-11-02 12:05:25.222 sample-auto-upgrade[11886:80b] ---------- File System Name: temporary
2013-11-02 12:05:25.222 sample-auto-upgrade[11886:80b] ---------- Temporary Dir: --
2013-11-02 12:05:25.222 sample-auto-upgrade[11886:80b] ---------- Is File?: false
2013-11-02 12:05:25.222 sample-auto-upgrade[11886:80b] ---------- Is Dir?: true
2013-11-02 12:05:25.223 sample-auto-upgrade[11886:80b] ---------- Name: tmp
2013-11-02 12:05:25.223 sample-auto-upgrade[11886:80b] ---------- FullPath: /Users/sganeshji/Library/Application Support/iPhone Simulator/7.0.3/Applications/044B2548-2F6E-4092-ACC0-F0E843FDAFBB/tmp
2013-11-02 12:05:25.223 sample-auto-upgrade[11886:80b] ---------- File System Name: persistent
2013-11-02 12:05:25.224 sample-auto-upgrade[11886:80b] ---------- Application Dir: --
2013-11-02 12:05:25.224 sample-auto-upgrade[11886:80b] ---------- Is File?: false
2013-11-02 12:05:25.224 sample-auto-upgrade[11886:80b] ---------- Is Dir?: true
2013-11-02 12:05:25.224 sample-auto-upgrade[11886:80b] ---------- Name: Library
2013-11-02 12:05:25.225 sample-auto-upgrade[11886:80b] ---------- FullPath: /Users/sganeshji/Library/Application Support/iPhone Simulator/7.0.3/Applications/044B2548-2F6E-4092-ACC0-F0E843FDAFBB/Documents/../Library
2013-11-02 12:05:25.225 sample-auto-upgrade[11886:80b] ---------- File/Dir Name: Caches
2013-11-02 12:05:25.225 sample-auto-upgrade[11886:80b] ---------- File/Dir Name: Preferences
2013-11-02 12:05:25.229 sample-auto-upgrade[11886:80b] ---------- Success: Successfully downloaded manifest.json
2013-11-02 12:05:25.229 sample-auto-upgrade[11886:80b] ---------- Manifest - Version: {"web":1,"ios":1,"android":1}
2013-11-02 12:05:25.229 sample-auto-upgrade[11886:80b] ---------- Manifest - Files: ["src/script/script.js","src/style/style.css","src/image/image.png","src/index.html"]
objc[11957]: Class AXEmojiUtilities is implemented in both /Applications/Xcode.app/Contents/Developer/Platforms/iPhoneSimulator.platform/Developer/SDKs/iPhoneSimulator7.0.sdk/System/Library/PrivateFrameworks/AccessibilityUtilities.framework/AccessibilityUtilities and /Applications/Xcode.app/Contents/Developer/Platforms/iPhoneSimulator.platform/Developer/SDKs/iPhoneSimulator7.0.sdk/usr/lib/libAXSpeechManager.dylib. One of the two will be used. Which one is undefined.
2013-11-02 12:06:30.545 sample-auto-upgrade[11957:80b] Cannot find executable for CFBundle 0xa960400 </Applications/Xcode.app/Contents/Developer/Platforms/iPhoneSimulator.platform/Developer/SDKs/iPhoneSimulator7.0.sdk/System/Library/AccessibilityBundles/GeoServices.axbundle> (not loaded)
2013-11-02 12:06:30.567 sample-auto-upgrade[11957:80b] Cannot find executable for CFBundle 0xa99b370 </Applications/Xcode.app/Contents/Developer/Platforms/iPhoneSimulator.platform/Developer/SDKs/iPhoneSimulator7.0.sdk/System/Library/AccessibilityBundles/CertUIFramework.axbundle> (not loaded)
2013-11-02 12:06:30.625 sample-auto-upgrade[11957:80b] Multi-tasking -> Device: YES, App: YES
2013-11-02 12:06:30.630 sample-auto-upgrade[11957:80b] Unlimited access to network resources
2013-11-02 12:06:30.735 sample-auto-upgrade[11957:80b] Resetting plugins due to page load.
2013-11-02 12:06:30.786 sample-auto-upgrade[11957:80b] Finished load of: file:///Users/sganeshji/Library/Application%20Support/iPhone%20Simulator/7.0.3/Applications/044B2548-2F6E-4092-ACC0-F0E843FDAFBB/sample-auto-upgrade.app/www/index.html
2013-11-02 12:06:30.835 sample-auto-upgrade[11957:80b] ---------- Device is ready: --
2013-11-02 12:06:30.836 sample-auto-upgrade[11957:80b] ---------- File System Name: persistent
2013-11-02 12:06:30.836 sample-auto-upgrade[11957:80b] ---------- Persistent Dir: --
2013-11-02 12:06:30.836 sample-auto-upgrade[11957:80b] ---------- Is File?: false
2013-11-02 12:06:30.837 sample-auto-upgrade[11957:80b] ---------- Is Dir?: true
2013-11-02 12:06:30.837 sample-auto-upgrade[11957:80b] ---------- Name: Documents
2013-11-02 12:06:30.837 sample-auto-upgrade[11957:80b] ---------- FullPath: /Users/sganeshji/Library/Application Support/iPhone Simulator/7.0.3/Applications/044B2548-2F6E-4092-ACC0-F0E843FDAFBB/Documents
2013-11-02 12:06:30.837 sample-auto-upgrade[11957:80b] ---------- File System Name: temporary
2013-11-02 12:06:30.838 sample-auto-upgrade[11957:80b] ---------- Temporary Dir: --
2013-11-02 12:06:30.838 sample-auto-upgrade[11957:80b] ---------- Is File?: false
2013-11-02 12:06:30.838 sample-auto-upgrade[11957:80b] ---------- Is Dir?: true
2013-11-02 12:06:30.838 sample-auto-upgrade[11957:80b] ---------- Name: tmp
2013-11-02 12:06:30.838 sample-auto-upgrade[11957:80b] ---------- FullPath: /Users/sganeshji/Library/Application Support/iPhone Simulator/7.0.3/Applications/044B2548-2F6E-4092-ACC0-F0E843FDAFBB/tmp
2013-11-02 12:06:30.839 sample-auto-upgrade[11957:80b] ---------- File System Name: persistent
2013-11-02 12:06:30.839 sample-auto-upgrade[11957:80b] ---------- Application Dir: --
2013-11-02 12:06:30.839 sample-auto-upgrade[11957:80b] ---------- Is File?: false
2013-11-02 12:06:30.839 sample-auto-upgrade[11957:80b] ---------- Is Dir?: true
2013-11-02 12:06:30.840 sample-auto-upgrade[11957:80b] ---------- Name: Library
2013-11-02 12:06:30.840 sample-auto-upgrade[11957:80b] ---------- FullPath: /Users/sganeshji/Library/Application Support/iPhone Simulator/7.0.3/Applications/044B2548-2F6E-4092-ACC0-F0E843FDAFBB/Documents/../Library
2013-11-02 12:06:30.840 sample-auto-upgrade[11957:80b] ---------- File/Dir Name: Caches
2013-11-02 12:06:30.841 sample-auto-upgrade[11957:80b] ---------- File/Dir Name: Preferences
2013-11-02 12:06:30.845 sample-auto-upgrade[11957:80b] ---------- Success: Successfully downloaded manifest.json
2013-11-02 12:06:30.845 sample-auto-upgrade[11957:80b] ---------- Manifest - Version: {"web":1,"ios":1,"android":1}
2013-11-02 12:06:30.845 sample-auto-upgrade[11957:80b] ---------- Manifest - Files: ["src/script/script.js","src/style/style.css","src/image/image.png","src/index.html"]
objc[12436]: Class AXEmojiUtilities is implemented in both /Applications/Xcode.app/Contents/Developer/Platforms/iPhoneSimulator.platform/Developer/SDKs/iPhoneSimulator7.0.sdk/System/Library/PrivateFrameworks/AccessibilityUtilities.framework/AccessibilityUtilities and /Applications/Xcode.app/Contents/Developer/Platforms/iPhoneSimulator.platform/Developer/SDKs/iPhoneSimulator7.0.sdk/usr/lib/libAXSpeechManager.dylib. One of the two will be used. Which one is undefined.
2013-11-02 12:07:12.258 sample-auto-upgrade[12436:80b] Cannot find executable for CFBundle 0xa690350 </Applications/Xcode.app/Contents/Developer/Platforms/iPhoneSimulator.platform/Developer/SDKs/iPhoneSimulator7.0.sdk/System/Library/AccessibilityBundles/CertUIFramework.axbundle> (not loaded)
2013-11-02 12:07:12.276 sample-auto-upgrade[12436:80b] Cannot find executable for CFBundle 0xa6c19e0 </Applications/Xcode.app/Contents/Developer/Platforms/iPhoneSimulator.platform/Developer/SDKs/iPhoneSimulator7.0.sdk/System/Library/AccessibilityBundles/GeoServices.axbundle> (not loaded)
2013-11-02 12:07:12.320 sample-auto-upgrade[12436:80b] Multi-tasking -> Device: YES, App: YES
2013-11-02 12:07:12.325 sample-auto-upgrade[12436:80b] Unlimited access to network resources
2013-11-02 12:07:12.429 sample-auto-upgrade[12436:80b] Resetting plugins due to page load.
2013-11-02 12:07:12.476 sample-auto-upgrade[12436:80b] Finished load of: file:///Users/sganeshji/Library/Application%20Support/iPhone%20Simulator/7.0.3/Applications/044B2548-2F6E-4092-ACC0-F0E843FDAFBB/sample-auto-upgrade.app/www/index.html
2013-11-02 12:07:12.518 sample-auto-upgrade[12436:80b] ---------- Device is ready: --
2013-11-02 12:07:12.519 sample-auto-upgrade[12436:80b] ---------- File System Name: persistent
2013-11-02 12:07:12.519 sample-auto-upgrade[12436:80b] ---------- Persistent Dir: --
2013-11-02 12:07:12.519 sample-auto-upgrade[12436:80b] ---------- Is File?: false
2013-11-02 12:07:12.520 sample-auto-upgrade[12436:80b] ---------- Is Dir?: true
2013-11-02 12:07:12.520 sample-auto-upgrade[12436:80b] ---------- Name: Documents
2013-11-02 12:07:12.520 sample-auto-upgrade[12436:80b] ---------- FullPath: /Users/sganeshji/Library/Application Support/iPhone Simulator/7.0.3/Applications/044B2548-2F6E-4092-ACC0-F0E843FDAFBB/Documents
2013-11-02 12:07:12.520 sample-auto-upgrade[12436:80b] ---------- File System Name: temporary
2013-11-02 12:07:12.521 sample-auto-upgrade[12436:80b] ---------- Temporary Dir: --
2013-11-02 12:07:12.521 sample-auto-upgrade[12436:80b] ---------- Is File?: false
2013-11-02 12:07:12.521 sample-auto-upgrade[12436:80b] ---------- Is Dir?: true
2013-11-02 12:07:12.521 sample-auto-upgrade[12436:80b] ---------- Name: tmp
2013-11-02 12:07:12.522 sample-auto-upgrade[12436:80b] ---------- FullPath: /Users/sganeshji/Library/Application Support/iPhone Simulator/7.0.3/Applications/044B2548-2F6E-4092-ACC0-F0E843FDAFBB/tmp
2013-11-02 12:07:12.522 sample-auto-upgrade[12436:80b] ---------- File System Name: persistent
2013-11-02 12:07:12.522 sample-auto-upgrade[12436:80b] ---------- Application Dir: --
2013-11-02 12:07:12.522 sample-auto-upgrade[12436:80b] ---------- Is File?: false
2013-11-02 12:07:12.523 sample-auto-upgrade[12436:80b] ---------- Is Dir?: true
2013-11-02 12:07:12.523 sample-auto-upgrade[12436:80b] ---------- Name: Library
2013-11-02 12:07:12.523 sample-auto-upgrade[12436:80b] ---------- FullPath: /Users/sganeshji/Library/Application Support/iPhone Simulator/7.0.3/Applications/044B2548-2F6E-4092-ACC0-F0E843FDAFBB/Documents/../Library
2013-11-02 12:07:12.523 sample-auto-upgrade[12436:80b] ---------- File/Dir Name: Caches
2013-11-02 12:07:12.524 sample-auto-upgrade[12436:80b] ---------- File/Dir Name: Preferences
2013-11-02 12:07:12.527 sample-auto-upgrade[12436:80b] ---------- Success: Successfully downloaded manifest.json
2013-11-02 12:07:12.527 sample-auto-upgrade[12436:80b] ---------- Manifest: {"name":"sample-auto-upgrade","version":{"web":1,"ios":1,"android":1},"files":["src/script/script.js","src/style/style.css","src/image/image.png","src/index.html"]}
2013-11-02 12:07:12.528 sample-auto-upgrade[12436:80b] ---------- Manifest - Version: {"web":1,"ios":1,"android":1}
2013-11-02 12:07:12.528 sample-auto-upgrade[12436:80b] ---------- Manifest - Files: ["src/script/script.js","src/style/style.css","src/image/image.png","src/index.html"]
objc[13318]: Class AXEmojiUtilities is implemented in both /Applications/Xcode.app/Contents/Developer/Platforms/iPhoneSimulator.platform/Developer/SDKs/iPhoneSimulator7.0.sdk/System/Library/PrivateFrameworks/AccessibilityUtilities.framework/AccessibilityUtilities and /Applications/Xcode.app/Contents/Developer/Platforms/iPhoneSimulator.platform/Developer/SDKs/iPhoneSimulator7.0.sdk/usr/lib/libAXSpeechManager.dylib. One of the two will be used. Which one is undefined.
2013-11-02 14:08:14.367 sample-auto-upgrade[13318:80b] Cannot find executable for CFBundle 0xa48a2c0 </Applications/Xcode.app/Contents/Developer/Platforms/iPhoneSimulator.platform/Developer/SDKs/iPhoneSimulator7.0.sdk/System/Library/AccessibilityBundles/GeoServices.axbundle> (not loaded)
2013-11-02 14:08:14.378 sample-auto-upgrade[13318:80b] Cannot find executable for CFBundle 0xa6c5b90 </Applications/Xcode.app/Contents/Developer/Platforms/iPhoneSimulator.platform/Developer/SDKs/iPhoneSimulator7.0.sdk/System/Library/AccessibilityBundles/CertUIFramework.axbundle> (not loaded)
2013-11-02 14:08:14.447 sample-auto-upgrade[13318:80b] Multi-tasking -> Device: YES, App: YES
2013-11-02 14:08:14.452 sample-auto-upgrade[13318:80b] Unlimited access to network resources
2013-11-02 14:08:14.564 sample-auto-upgrade[13318:80b] Resetting plugins due to page load.
2013-11-02 14:08:14.610 sample-auto-upgrade[13318:80b] Finished load of: file:///Users/sganeshji/Library/Application%20Support/iPhone%20Simulator/7.0.3/Applications/044B2548-2F6E-4092-ACC0-F0E843FDAFBB/sample-auto-upgrade.app/www/index.html
objc[13388]: Class AXEmojiUtilities is implemented in both /Applications/Xcode.app/Contents/Developer/Platforms/iPhoneSimulator.platform/Developer/SDKs/iPhoneSimulator7.0.sdk/System/Library/PrivateFrameworks/AccessibilityUtilities.framework/AccessibilityUtilities and /Applications/Xcode.app/Contents/Developer/Platforms/iPhoneSimulator.platform/Developer/SDKs/iPhoneSimulator7.0.sdk/usr/lib/libAXSpeechManager.dylib. One of the two will be used. Which one is undefined.
2013-11-02 14:09:14.600 sample-auto-upgrade[13388:80b] Cannot find executable for CFBundle 0xaa30f90 </Applications/Xcode.app/Contents/Developer/Platforms/iPhoneSimulator.platform/Developer/SDKs/iPhoneSimulator7.0.sdk/System/Library/AccessibilityBundles/GeoServices.axbundle> (not loaded)
2013-11-02 14:09:14.615 sample-auto-upgrade[13388:80b] Cannot find executable for CFBundle 0xac3df80 </Applications/Xcode.app/Contents/Developer/Platforms/iPhoneSimulator.platform/Developer/SDKs/iPhoneSimulator7.0.sdk/System/Library/AccessibilityBundles/CertUIFramework.axbundle> (not loaded)
2013-11-02 14:09:14.670 sample-auto-upgrade[13388:80b] Multi-tasking -> Device: YES, App: YES
2013-11-02 14:09:14.677 sample-auto-upgrade[13388:80b] Unlimited access to network resources
2013-11-02 14:09:14.770 sample-auto-upgrade[13388:80b] Resetting plugins due to page load.
2013-11-02 14:09:14.841 sample-auto-upgrade[13388:80b] Finished load of: file:///Users/sganeshji/Library/Application%20Support/iPhone%20Simulator/7.0.3/Applications/044B2548-2F6E-4092-ACC0-F0E843FDAFBB/sample-auto-upgrade.app/www/index.html
objc[13870]: Class AXEmojiUtilities is implemented in both /Applications/Xcode.app/Contents/Developer/Platforms/iPhoneSimulator.platform/Developer/SDKs/iPhoneSimulator7.0.sdk/System/Library/PrivateFrameworks/AccessibilityUtilities.framework/AccessibilityUtilities and /Applications/Xcode.app/Contents/Developer/Platforms/iPhoneSimulator.platform/Developer/SDKs/iPhoneSimulator7.0.sdk/usr/lib/libAXSpeechManager.dylib. One of the two will be used. Which one is undefined.
2013-11-02 14:09:53.811 sample-auto-upgrade[13870:80b] Cannot find executable for CFBundle 0xa4b37c0 </Applications/Xcode.app/Contents/Developer/Platforms/iPhoneSimulator.platform/Developer/SDKs/iPhoneSimulator7.0.sdk/System/Library/AccessibilityBundles/GeoServices.axbundle> (not loaded)
2013-11-02 14:09:53.829 sample-auto-upgrade[13870:80b] Cannot find executable for CFBundle 0xa8ba9f0 </Applications/Xcode.app/Contents/Developer/Platforms/iPhoneSimulator.platform/Developer/SDKs/iPhoneSimulator7.0.sdk/System/Library/AccessibilityBundles/CertUIFramework.axbundle> (not loaded)
2013-11-02 14:09:53.888 sample-auto-upgrade[13870:80b] Multi-tasking -> Device: YES, App: YES
2013-11-02 14:09:53.895 sample-auto-upgrade[13870:80b] Unlimited access to network resources
2013-11-02 14:09:53.996 sample-auto-upgrade[13870:80b] Resetting plugins due to page load.
2013-11-02 14:09:54.073 sample-auto-upgrade[13870:80b] Finished load of: file:///Users/sganeshji/Library/Application%20Support/iPhone%20Simulator/7.0.3/Applications/044B2548-2F6E-4092-ACC0-F0E843FDAFBB/sample-auto-upgrade.app/www/index.html
2013-11-02 14:10:08.484 sample-auto-upgrade[13870:80b] Received memory warning.
2013-11-02 14:27:37.211 sample-auto-upgrade[16364:80b] Multi-tasking -> Device: YES, App: YES
2013-11-02 14:27:37.217 sample-auto-upgrade[16364:80b] Unlimited access to network resources
2013-11-02 14:27:37.292 sample-auto-upgrade[16364:80b] Resetting plugins due to page load.
2013-11-02 14:27:37.320 sample-auto-upgrade[16364:80b] Finished load of: file:///Users/sganeshji/Library/Application%20Support/iPhone%20Simulator/7.0.3/Applications/6325911D-D338-4D81-94F1-5B2C009DCE94/sample-auto-upgrade.app/www/index.html
Terminating in response to SpringBoard's termination.
2013-11-02 14:27:49.253 sample-auto-upgrade[16435:80b] Multi-tasking -> Device: YES, App: YES
2013-11-02 14:27:49.261 sample-auto-upgrade[16435:80b] Unlimited access to network resources
2013-11-02 14:27:49.358 sample-auto-upgrade[16435:80b] Resetting plugins due to page load.
2013-11-02 14:27:49.387 sample-auto-upgrade[16435:80b] Finished load of: file:///Users/sganeshji/Library/Application%20Support/iPhone%20Simulator/7.0.3/Applications/6325911D-D338-4D81-94F1-5B2C009DCE94/sample-auto-upgrade.app/www/index.html
2013-11-02 14:38:56.016 sample-auto-upgrade[17780:80b] Multi-tasking -> Device: YES, App: YES
2013-11-02 14:38:56.022 sample-auto-upgrade[17780:80b] Unlimited access to network resources
2013-11-02 14:38:56.139 sample-auto-upgrade[17780:80b] Resetting plugins due to page load.
2013-11-02 14:38:56.166 sample-auto-upgrade[17780:80b] Finished load of: file:///Users/sganeshji/Library/Application%20Support/iPhone%20Simulator/7.0.3/Applications/6325911D-D338-4D81-94F1-5B2C009DCE94/sample-auto-upgrade.app/www/index.html
2013-11-02 14:39:35.066 sample-auto-upgrade[18261:80b] Multi-tasking -> Device: YES, App: YES
2013-11-02 14:39:35.074 sample-auto-upgrade[18261:80b] Unlimited access to network resources
2013-11-02 14:39:35.166 sample-auto-upgrade[18261:80b] Resetting plugins due to page load.
2013-11-02 14:39:35.227 sample-auto-upgrade[18261:80b] Finished load of: file:///Users/sganeshji/Library/Application%20Support/iPhone%20Simulator/7.0.3/Applications/6325911D-D338-4D81-94F1-5B2C009DCE94/sample-auto-upgrade.app/www/index.html
2013-11-02 14:39:35.260 sample-auto-upgrade[18261:80b] ---------- deviceready: --
2013-11-02 14:39:35.261 sample-auto-upgrade[18261:80b] ---------- Bootstap init: --
2013-11-02 14:39:35.261 sample-auto-upgrade[18261:80b] ---------- downloadManifest: http://localhost:8000/manifest.json
2013-11-02 14:39:35.271 sample-auto-upgrade[18261:80b] ---------- Success: Successfully downloaded manifest.json
2013-11-02 14:39:35.271 sample-auto-upgrade[18261:80b] ---------- Manifest: {"name":"sample-auto-upgrade","version":{"web":1,"ios":1,"android":1},"files":["src/script/script.js","src/style/style.css","src/image/image.png","src/index.html"]}
2013-11-02 14:39:35.274 sample-auto-upgrade[18261:80b] ---------- App Dir Created: --
2013-11-02 14:41:12.518 sample-auto-upgrade[18344:80b] Multi-tasking -> Device: YES, App: YES
2013-11-02 14:41:12.524 sample-auto-upgrade[18344:80b] Unlimited access to network resources
2013-11-02 14:41:12.618 sample-auto-upgrade[18344:80b] Resetting plugins due to page load.
2013-11-02 14:41:12.667 sample-auto-upgrade[18344:80b] Finished load of: file:///Users/sganeshji/Library/Application%20Support/iPhone%20Simulator/7.0.3/Applications/6325911D-D338-4D81-94F1-5B2C009DCE94/sample-auto-upgrade.app/www/index.html
2013-11-02 14:41:12.714 sample-auto-upgrade[18344:80b] ---------- deviceready: --
2013-11-02 14:41:12.715 sample-auto-upgrade[18344:80b] ---------- Bootstap init: --
2013-11-02 14:41:12.716 sample-auto-upgrade[18344:80b] ---------- downloadManifest: http://localhost:8000/manifest.json
2013-11-02 14:41:12.727 sample-auto-upgrade[18344:80b] ---------- Success: Successfully downloaded manifest.json
2013-11-02 14:41:12.727 sample-auto-upgrade[18344:80b] ---------- Manifest: {"name":"sample-auto-upgrade","version":{"web":1,"ios":1,"android":1},"files":["src/script/script.js","src/style/style.css","src/image/image.png","src/index.html"]}
2013-11-02 14:41:12.730 sample-auto-upgrade[18344:80b] ---------- App Dir Created: --
2013-11-02 16:17:03.344 sample-auto-upgrade[19176:80b] Multi-tasking -> Device: YES, App: YES
2013-11-02 16:17:03.350 sample-auto-upgrade[19176:80b] Unlimited access to network resources
2013-11-02 16:17:03.460 sample-auto-upgrade[19176:80b] Resetting plugins due to page load.
2013-11-02 16:17:03.558 sample-auto-upgrade[19176:80b] Finished load of: file:///Users/sganeshji/Library/Application%20Support/iPhone%20Simulator/7.0.3/Applications/6325911D-D338-4D81-94F1-5B2C009DCE94/sample-auto-upgrade.app/www/index.html
2013-11-02 16:17:03.606 sample-auto-upgrade[19176:80b] ---------- deviceready: --
2013-11-02 16:17:03.606 sample-auto-upgrade[19176:80b] ---------- Bootstap init: --
2013-11-02 16:17:03.607 sample-auto-upgrade[19176:80b] ---------- downloadManifest: http://localhost:8000/manifest.json
2013-11-02 16:17:03.615 sample-auto-upgrade[19176:80b] ---------- Error: Failed to download manifest.json
2013-11-02 16:19:44.199 sample-auto-upgrade[19669:80b] Multi-tasking -> Device: YES, App: YES
2013-11-02 16:19:44.204 sample-auto-upgrade[19669:80b] Unlimited access to network resources
2013-11-02 16:19:44.306 sample-auto-upgrade[19669:80b] Resetting plugins due to page load.
2013-11-02 16:19:44.363 sample-auto-upgrade[19669:80b] Finished load of: file:///Users/sganeshji/Library/Application%20Support/iPhone%20Simulator/7.0.3/Applications/6325911D-D338-4D81-94F1-5B2C009DCE94/sample-auto-upgrade.app/www/index.html
2013-11-02 16:19:44.408 sample-auto-upgrade[19669:80b] ---------- deviceready: --
2013-11-02 16:19:44.409 sample-auto-upgrade[19669:80b] ---------- Bootstap init: --
2013-11-02 16:19:44.409 sample-auto-upgrade[19669:80b] ---------- downloadManifest: http://localhost:8000/manifest.json
2013-11-02 16:19:44.418 sample-auto-upgrade[19669:80b] ---------- Error: Failed to download manifest.json
2013-11-02 16:20:09.502 sample-auto-upgrade[20150:80b] Multi-tasking -> Device: YES, App: YES
2013-11-02 16:20:09.507 sample-auto-upgrade[20150:80b] Unlimited access to network resources
2013-11-02 16:20:09.595 sample-auto-upgrade[20150:80b] Resetting plugins due to page load.
2013-11-02 16:20:09.673 sample-auto-upgrade[20150:80b] Finished load of: file:///Users/sganeshji/Library/Application%20Support/iPhone%20Simulator/7.0.3/Applications/6325911D-D338-4D81-94F1-5B2C009DCE94/sample-auto-upgrade.app/www/index.html
2013-11-02 16:20:09.709 sample-auto-upgrade[20150:80b] ---------- deviceready: --
2013-11-02 16:20:09.710 sample-auto-upgrade[20150:80b] ---------- Bootstap init: --
2013-11-02 16:20:09.710 sample-auto-upgrade[20150:80b] ---------- downloadManifest: http://localhost:8000/manifest.json
2013-11-02 16:20:09.737 sample-auto-upgrade[20150:80b] ---------- Success: Successfully downloaded manifest.json
2013-11-02 16:20:09.737 sample-auto-upgrade[20150:80b] ---------- Manifest: {"name":"sample-auto-upgrade","version":{"web":1,"ios":1,"android":1},"files":["src/script/script.js","src/style/style.css","src/image/image.png","src/index.html"]}
2013-11-02 16:20:09.740 sample-auto-upgrade[20150:80b] ---------- App Dir Created: --
2013-11-02 16:27:02.698 sample-auto-upgrade[20677:80b] Multi-tasking -> Device: YES, App: YES
2013-11-02 16:27:02.704 sample-auto-upgrade[20677:80b] Unlimited access to network resources
2013-11-02 16:27:02.778 sample-auto-upgrade[20677:80b] Resetting plugins due to page load.
2013-11-02 16:27:02.880 sample-auto-upgrade[20677:80b] Finished load of: file:///Users/sganeshji/Library/Application%20Support/iPhone%20Simulator/7.0.3/Applications/6325911D-D338-4D81-94F1-5B2C009DCE94/sample-auto-upgrade.app/www/index.html
2013-11-02 16:27:02.913 sample-auto-upgrade[20677:80b] ---------- deviceready: --
2013-11-02 16:27:02.913 sample-auto-upgrade[20677:80b] ---------- Bootstap init: --
2013-11-02 16:27:02.914 sample-auto-upgrade[20677:80b] ---------- downloadManifest: http://localhost:8000/manifest.json
2013-11-02 16:27:02.935 sample-auto-upgrade[20677:80b] ---------- Success: Successfully downloaded manifest.json
2013-11-02 16:27:02.935 sample-auto-upgrade[20677:80b] ---------- Manifest: {"name":"sample-auto-upgrade","version":{"web":1,"ios":1,"android":1},"files":["src/script/script.js","src/style/style.css","src/image/image.png","src/index.html"]}
2013-11-02 16:27:02.937 sample-auto-upgrade[20677:80b] ---------- App Dir Created: --
2013-11-02 16:36:19.388 sample-auto-upgrade[21208:80b] Multi-tasking -> Device: YES, App: YES
2013-11-02 16:36:19.393 sample-auto-upgrade[21208:80b] Unlimited access to network resources
2013-11-02 16:36:19.459 sample-auto-upgrade[21208:80b] Resetting plugins due to page load.
2013-11-02 16:36:19.570 sample-auto-upgrade[21208:80b] Finished load of: file:///Users/sganeshji/Library/Application%20Support/iPhone%20Simulator/7.0.3/Applications/6325911D-D338-4D81-94F1-5B2C009DCE94/sample-auto-upgrade.app/www/index.html
2013-11-02 16:36:19.608 sample-auto-upgrade[21208:80b] ---------- deviceready: --
2013-11-02 16:36:19.609 sample-auto-upgrade[21208:80b] ---------- Bootstap init: --
2013-11-02 16:36:19.609 sample-auto-upgrade[21208:80b] ---------- downloadManifest: http://localhost:8000/manifest.json
2013-11-02 16:36:19.683 sample-auto-upgrade[21208:80b] ---------- Success: Successfully downloaded manifest.json
2013-11-02 16:36:19.683 sample-auto-upgrade[21208:80b] ---------- Manifest: {"name":"sample-auto-upgrade","version":{"web":1,"ios":1,"android":1},"files":["src/script/script.js","src/style/style.css","src/image/image.png","src/index.html"]}
2013-11-02 16:36:19.686 sample-auto-upgrade[21208:80b] ---------- App Dir Created: --
2013-11-02 16:40:53.021 sample-auto-upgrade[21721:80b] Multi-tasking -> Device: YES, App: YES
2013-11-02 16:40:53.026 sample-auto-upgrade[21721:80b] Unlimited access to network resources
2013-11-02 16:40:53.113 sample-auto-upgrade[21721:80b] Resetting plugins due to page load.
2013-11-02 16:40:53.166 sample-auto-upgrade[21721:80b] Finished load of: file:///Users/sganeshji/Library/Application%20Support/iPhone%20Simulator/7.0.3/Applications/6325911D-D338-4D81-94F1-5B2C009DCE94/sample-auto-upgrade.app/www/index.html
2013-11-02 16:40:53.201 sample-auto-upgrade[21721:80b] ---------- deviceready: --
2013-11-02 16:40:53.202 sample-auto-upgrade[21721:80b] ---------- Bootstap init: --
2013-11-02 16:40:53.202 sample-auto-upgrade[21721:80b] ---------- downloadManifest: http://localhost:8000/manifest.json
2013-11-02 16:40:53.214 sample-auto-upgrade[21721:80b] ---------- Success: Successfully downloaded manifest.json
2013-11-02 16:40:53.214 sample-auto-upgrade[21721:80b] ---------- Manifest: {"name":"sample-auto-upgrade","version":{"web":1,"ios":1,"android":1},"files":["src/script/script.js","src/style/style.css","src/image/image.png","src/index.html"]}
2013-11-02 16:40:53.218 sample-auto-upgrade[21721:80b] ---------- App Dir Created: --
2013-11-02 17:08:50.776 sample-auto-upgrade[22412:80b] Multi-tasking -> Device: YES, App: YES
2013-11-02 17:08:50.784 sample-auto-upgrade[22412:80b] Unlimited access to network resources
2013-11-02 17:08:50.925 sample-auto-upgrade[22412:80b] Resetting plugins due to page load.
2013-11-02 17:08:51.114 sample-auto-upgrade[22412:80b] Finished load of: file:///Users/sganeshji/Library/Application%20Support/iPhone%20Simulator/7.0.3/Applications/6325911D-D338-4D81-94F1-5B2C009DCE94/sample-auto-upgrade.app/www/index.html
2013-11-02 17:08:51.145 sample-auto-upgrade[22412:80b] ---------- deviceready: --
2013-11-02 17:08:51.145 sample-auto-upgrade[22412:80b] ---------- Bootstap init: --
2013-11-02 17:08:51.146 sample-auto-upgrade[22412:80b] ---------- downloadManifest: http://localhost:8000/manifest.json
2013-11-02 17:08:51.203 sample-auto-upgrade[22412:80b] ---------- Success: Successfully downloaded manifest.json
2013-11-02 17:08:51.203 sample-auto-upgrade[22412:80b] ---------- Manifest: {"name":"sample-auto-upgrade","version":{"web":1,"ios":1,"android":1},"files":["script/script.js","style/style.css","image/image.png","index.html"]}
2013-11-02 17:08:51.308 sample-auto-upgrade[22412:80b] THREAD WARNING: ['File'] took '103.614990' ms. Plugin should use a background thread.
2013-11-02 17:08:51.309 sample-auto-upgrade[22412:80b] ---------- App Dir Created: --
2013-11-02 17:08:51.309 sample-auto-upgrade[22412:80b] ---------- Server URL: http://localhost:8000/script/script.js
2013-11-02 17:08:51.309 sample-auto-upgrade[22412:80b] ---------- Local URL: [object Object]script/script.js
2013-11-02 17:08:51.309 sample-auto-upgrade[22412:80b] File Transfer Error: Invalid file path or URL [object Object]script/script.js
2013-11-02 17:08:51.310 sample-auto-upgrade[22412:80b] FileTransferError {
    code = 1;
    source = "http://localhost:8000/script/script.js";
    target = "[object Object]script/script.js";
}
2013-11-02 17:08:51.310 sample-auto-upgrade[22412:80b] ---------- Server URL: http://localhost:8000/style/style.css
2013-11-02 17:08:51.310 sample-auto-upgrade[22412:80b] ---------- Local URL: [object Object]style/style.css
2013-11-02 17:08:51.310 sample-auto-upgrade[22412:80b] File Transfer Error: Invalid file path or URL [object Object]style/style.css
2013-11-02 17:08:51.311 sample-auto-upgrade[22412:80b] FileTransferError {
    code = 1;
    source = "http://localhost:8000/style/style.css";
    target = "[object Object]style/style.css";
}
2013-11-02 17:08:51.311 sample-auto-upgrade[22412:80b] ---------- Server URL: http://localhost:8000/image/image.png
2013-11-02 17:08:51.311 sample-auto-upgrade[22412:80b] ---------- Local URL: [object Object]image/image.png
2013-11-02 17:08:51.311 sample-auto-upgrade[22412:80b] File Transfer Error: Invalid file path or URL [object Object]image/image.png
2013-11-02 17:08:51.312 sample-auto-upgrade[22412:80b] FileTransferError {
    code = 1;
    source = "http://localhost:8000/image/image.png";
    target = "[object Object]image/image.png";
}
2013-11-02 17:08:51.312 sample-auto-upgrade[22412:80b] ---------- Server URL: http://localhost:8000/index.html
2013-11-02 17:08:51.312 sample-auto-upgrade[22412:80b] ---------- Local URL: [object Object]index.html
2013-11-02 17:08:51.312 sample-auto-upgrade[22412:80b] File Transfer Error: Invalid file path or URL [object Object]index.html
2013-11-02 17:08:51.313 sample-auto-upgrade[22412:80b] FileTransferError {
    code = 1;
    source = "http://localhost:8000/index.html";
    target = "[object Object]index.html";
}
2013-11-02 17:08:51.313 sample-auto-upgrade[22412:80b] ---------- download error: 1
2013-11-02 17:08:51.313 sample-auto-upgrade[22412:80b] ---------- download error: 1
2013-11-02 17:08:51.313 sample-auto-upgrade[22412:80b] ---------- download error: 1
2013-11-02 17:08:51.314 sample-auto-upgrade[22412:80b] ---------- download error: 1
2013-11-02 17:10:12.132 sample-auto-upgrade[22904:80b] Multi-tasking -> Device: YES, App: YES
2013-11-02 17:10:12.140 sample-auto-upgrade[22904:80b] Unlimited access to network resources
2013-11-02 17:10:12.254 sample-auto-upgrade[22904:80b] Resetting plugins due to page load.
2013-11-02 17:10:12.388 sample-auto-upgrade[22904:80b] Finished load of: file:///Users/sganeshji/Library/Application%20Support/iPhone%20Simulator/7.0.3/Applications/6325911D-D338-4D81-94F1-5B2C009DCE94/sample-auto-upgrade.app/www/index.html
2013-11-02 17:10:12.424 sample-auto-upgrade[22904:80b] ---------- deviceready: --
2013-11-02 17:10:12.424 sample-auto-upgrade[22904:80b] ---------- Bootstap init: --
2013-11-02 17:10:12.425 sample-auto-upgrade[22904:80b] ---------- downloadManifest: http://localhost:8000/manifest.json
2013-11-02 17:10:12.617 sample-auto-upgrade[22904:80b] ---------- Success: Successfully downloaded manifest.json
2013-11-02 17:10:12.617 sample-auto-upgrade[22904:80b] ---------- Manifest: {"name":"sample-auto-upgrade","version":{"web":1,"ios":1,"android":1},"files":["script/script.js","style/style.css","image/image.png","index.html"]}
2013-11-02 17:10:12.621 sample-auto-upgrade[22904:80b] ---------- App Dir Created: --
2013-11-02 17:10:12.621 sample-auto-upgrade[22904:80b] ---------- Server URL: http://localhost:8000/script/script.js
2013-11-02 17:10:12.622 sample-auto-upgrade[22904:80b] ---------- Local URL: /Users/sganeshji/Library/Application Support/iPhone Simulator/7.0.3/Applications/6325911D-D338-4D81-94F1-5B2C009DCE94/Documents/sample-auto-upgrade-1script/script.js
2013-11-02 17:10:12.622 sample-auto-upgrade[22904:80b] ---------- Server URL: http://localhost:8000/style/style.css
2013-11-02 17:10:12.623 sample-auto-upgrade[22904:80b] ---------- Local URL: /Users/sganeshji/Library/Application Support/iPhone Simulator/7.0.3/Applications/6325911D-D338-4D81-94F1-5B2C009DCE94/Documents/sample-auto-upgrade-1style/style.css
2013-11-02 17:10:12.623 sample-auto-upgrade[22904:80b] ---------- Server URL: http://localhost:8000/image/image.png
2013-11-02 17:10:12.623 sample-auto-upgrade[22904:80b] ---------- Local URL: /Users/sganeshji/Library/Application Support/iPhone Simulator/7.0.3/Applications/6325911D-D338-4D81-94F1-5B2C009DCE94/Documents/sample-auto-upgrade-1image/image.png
2013-11-02 17:10:12.624 sample-auto-upgrade[22904:80b] ---------- Server URL: http://localhost:8000/index.html
2013-11-02 17:10:12.624 sample-auto-upgrade[22904:80b] ---------- Local URL: /Users/sganeshji/Library/Application Support/iPhone Simulator/7.0.3/Applications/6325911D-D338-4D81-94F1-5B2C009DCE94/Documents/sample-auto-upgrade-1index.html
2013-11-02 17:10:12.631 sample-auto-upgrade[22904:80b] File Transfer Finished with response code 404
2013-11-02 17:10:12.631 sample-auto-upgrade[22904:80b] FileTransferError {
    body = "Cannot GET /image/image.png";
    code = 3;
    "http_status" = 404;
    source = "http://localhost:8000/image/image.png";
    target = "/Users/sganeshji/Library/Application Support/iPhone Simulator/7.0.3/Applications/6325911D-D338-4D81-94F1-5B2C009DCE94/Documents/sample-auto-upgrade-1image/image.png";
}
2013-11-02 17:10:12.642 sample-auto-upgrade[22904:80b] ---------- download error: 3
2013-11-02 17:10:12.914 sample-auto-upgrade[22904:80b] File Transfer Finished with response code 200
2013-11-02 17:10:12.915 sample-auto-upgrade[22904:80b] File Transfer Finished with response code 200
2013-11-02 17:10:12.915 sample-auto-upgrade[22904:80b] File Transfer Finished with response code 200
2013-11-02 17:10:12.917 sample-auto-upgrade[22904:80b] ---------- download of http://localhost:8000/index.html complete: /Users/sganeshji/Library/Application Support/iPhone Simulator/7.0.3/Applications/6325911D-D338-4D81-94F1-5B2C009DCE94/Documents/sample-auto-upgrade-1index.html
2013-11-02 17:10:12.917 sample-auto-upgrade[22904:80b] ---------- download of http://localhost:8000/script/script.js complete: /Users/sganeshji/Library/Application Support/iPhone Simulator/7.0.3/Applications/6325911D-D338-4D81-94F1-5B2C009DCE94/Documents/sample-auto-upgrade-1script/script.js
2013-11-02 17:10:12.918 sample-auto-upgrade[22904:80b] ---------- download of http://localhost:8000/style/style.css complete: /Users/sganeshji/Library/Application Support/iPhone Simulator/7.0.3/Applications/6325911D-D338-4D81-94F1-5B2C009DCE94/Documents/sample-auto-upgrade-1style/style.css
2013-11-02 17:11:05.267 sample-auto-upgrade[23395:80b] Multi-tasking -> Device: YES, App: YES
2013-11-02 17:11:05.272 sample-auto-upgrade[23395:80b] Unlimited access to network resources
2013-11-02 17:11:05.356 sample-auto-upgrade[23395:80b] Resetting plugins due to page load.
2013-11-02 17:11:05.435 sample-auto-upgrade[23395:80b] Finished load of: file:///Users/sganeshji/Library/Application%20Support/iPhone%20Simulator/7.0.3/Applications/6325911D-D338-4D81-94F1-5B2C009DCE94/sample-auto-upgrade.app/www/index.html
2013-11-02 17:11:05.473 sample-auto-upgrade[23395:80b] ---------- deviceready: --
2013-11-02 17:11:05.473 sample-auto-upgrade[23395:80b] ---------- Bootstap init: --
2013-11-02 17:11:05.474 sample-auto-upgrade[23395:80b] ---------- downloadManifest: http://localhost:8000/manifest.json
2013-11-02 17:11:05.494 sample-auto-upgrade[23395:80b] ---------- Success: Successfully downloaded manifest.json
2013-11-02 17:11:05.494 sample-auto-upgrade[23395:80b] ---------- Manifest: {"name":"sample-auto-upgrade","version":{"web":1,"ios":1,"android":1},"files":["script/script.js","style/style.css","image/image.png","index.html"]}
2013-11-02 17:11:05.499 sample-auto-upgrade[23395:80b] ---------- App Dir Created: --
2013-11-02 17:11:05.500 sample-auto-upgrade[23395:80b] ---------- Server URL: http://localhost:8000/script/script.js
2013-11-02 17:11:05.500 sample-auto-upgrade[23395:80b] ---------- Local URL: /Users/sganeshji/Library/Application Support/iPhone Simulator/7.0.3/Applications/6325911D-D338-4D81-94F1-5B2C009DCE94/Documents/sample-auto-upgrade-1/script/script.js
2013-11-02 17:11:05.501 sample-auto-upgrade[23395:80b] ---------- Server URL: http://localhost:8000/style/style.css
2013-11-02 17:11:05.501 sample-auto-upgrade[23395:80b] ---------- Local URL: /Users/sganeshji/Library/Application Support/iPhone Simulator/7.0.3/Applications/6325911D-D338-4D81-94F1-5B2C009DCE94/Documents/sample-auto-upgrade-1/style/style.css
2013-11-02 17:11:05.501 sample-auto-upgrade[23395:80b] ---------- Server URL: http://localhost:8000/image/image.png
2013-11-02 17:11:05.502 sample-auto-upgrade[23395:80b] ---------- Local URL: /Users/sganeshji/Library/Application Support/iPhone Simulator/7.0.3/Applications/6325911D-D338-4D81-94F1-5B2C009DCE94/Documents/sample-auto-upgrade-1/image/image.png
2013-11-02 17:11:05.502 sample-auto-upgrade[23395:80b] ---------- Server URL: http://localhost:8000/index.html
2013-11-02 17:11:05.502 sample-auto-upgrade[23395:80b] ---------- Local URL: /Users/sganeshji/Library/Application Support/iPhone Simulator/7.0.3/Applications/6325911D-D338-4D81-94F1-5B2C009DCE94/Documents/sample-auto-upgrade-1/index.html
2013-11-02 17:11:05.512 sample-auto-upgrade[23395:80b] File Transfer Finished with response code 404
2013-11-02 17:11:05.512 sample-auto-upgrade[23395:80b] FileTransferError {
    body = "Cannot GET /image/image.png";
    code = 3;
    "http_status" = 404;
    source = "http://localhost:8000/image/image.png";
    target = "/Users/sganeshji/Library/Application Support/iPhone Simulator/7.0.3/Applications/6325911D-D338-4D81-94F1-5B2C009DCE94/Documents/sample-auto-upgrade-1/image/image.png";
}
2013-11-02 17:11:05.537 sample-auto-upgrade[23395:80b] ---------- download error: 3
2013-11-02 17:11:05.539 sample-auto-upgrade[23395:80b] File Transfer Finished with response code 200
2013-11-02 17:11:05.541 sample-auto-upgrade[23395:80b] File Transfer Finished with response code 200
2013-11-02 17:11:05.542 sample-auto-upgrade[23395:80b] ---------- download of http://localhost:8000/script/script.js complete: /Users/sganeshji/Library/Application Support/iPhone Simulator/7.0.3/Applications/6325911D-D338-4D81-94F1-5B2C009DCE94/Documents/sample-auto-upgrade-1/script/script.js
2013-11-02 17:11:05.543 sample-auto-upgrade[23395:80b] ---------- download of http://localhost:8000/index.html complete: /Users/sganeshji/Library/Application Support/iPhone Simulator/7.0.3/Applications/6325911D-D338-4D81-94F1-5B2C009DCE94/Documents/sample-auto-upgrade-1/index.html
2013-11-02 17:11:05.557 sample-auto-upgrade[23395:80b] File Transfer Finished with response code 200
2013-11-02 17:11:05.558 sample-auto-upgrade[23395:80b] ---------- download of http://localhost:8000/style/style.css complete: /Users/sganeshji/Library/Application Support/iPhone Simulator/7.0.3/Applications/6325911D-D338-4D81-94F1-5B2C009DCE94/Documents/sample-auto-upgrade-1/style/style.css
2013-11-02 17:12:54.388 sample-auto-upgrade[23482:80b] Multi-tasking -> Device: YES, App: YES
2013-11-02 17:12:54.396 sample-auto-upgrade[23482:80b] Unlimited access to network resources
2013-11-02 17:12:54.500 sample-auto-upgrade[23482:80b] Resetting plugins due to page load.
2013-11-02 17:12:54.555 sample-auto-upgrade[23482:80b] Finished load of: file:///Users/sganeshji/Library/Application%20Support/iPhone%20Simulator/7.0.3/Applications/6325911D-D338-4D81-94F1-5B2C009DCE94/sample-auto-upgrade.app/www/index.html
2013-11-02 17:12:54.606 sample-auto-upgrade[23482:80b] ---------- deviceready: --
2013-11-02 17:12:54.606 sample-auto-upgrade[23482:80b] ---------- Bootstap init: --
2013-11-02 17:12:54.607 sample-auto-upgrade[23482:80b] ---------- downloadManifest: http://localhost:8000/manifest.json
2013-11-02 17:12:54.622 sample-auto-upgrade[23482:80b] ---------- Success: Successfully downloaded manifest.json
2013-11-02 17:12:54.622 sample-auto-upgrade[23482:80b] ---------- Manifest: {"name":"sample-auto-upgrade","version":{"web":1,"ios":1,"android":1},"files":["script/script.js","style/style.css","image/image.png","index.html"]}
2013-11-02 17:12:54.628 sample-auto-upgrade[23482:80b] ---------- App Dir Created: --
2013-11-02 17:12:54.629 sample-auto-upgrade[23482:80b] ---------- Server URL: http://localhost:8000/script/script.js
2013-11-02 17:12:54.629 sample-auto-upgrade[23482:80b] ---------- Local URL: /Users/sganeshji/Library/Application Support/iPhone Simulator/7.0.3/Applications/6325911D-D338-4D81-94F1-5B2C009DCE94/Documents/sample-auto-upgrade-1/script/script.js
2013-11-02 17:12:54.630 sample-auto-upgrade[23482:80b] ---------- Server URL: http://localhost:8000/style/style.css
2013-11-02 17:12:54.630 sample-auto-upgrade[23482:80b] ---------- Local URL: /Users/sganeshji/Library/Application Support/iPhone Simulator/7.0.3/Applications/6325911D-D338-4D81-94F1-5B2C009DCE94/Documents/sample-auto-upgrade-1/style/style.css
2013-11-02 17:12:54.630 sample-auto-upgrade[23482:80b] ---------- Server URL: http://localhost:8000/image/image.png
2013-11-02 17:12:54.631 sample-auto-upgrade[23482:80b] ---------- Local URL: /Users/sganeshji/Library/Application Support/iPhone Simulator/7.0.3/Applications/6325911D-D338-4D81-94F1-5B2C009DCE94/Documents/sample-auto-upgrade-1/image/image.png
2013-11-02 17:12:54.632 sample-auto-upgrade[23482:80b] ---------- Server URL: http://localhost:8000/index.html
2013-11-02 17:12:54.632 sample-auto-upgrade[23482:80b] ---------- Local URL: /Users/sganeshji/Library/Application Support/iPhone Simulator/7.0.3/Applications/6325911D-D338-4D81-94F1-5B2C009DCE94/Documents/sample-auto-upgrade-1/index.html
2013-11-02 17:12:54.640 sample-auto-upgrade[23482:80b] File Transfer Finished with response code 404
2013-11-02 17:12:54.640 sample-auto-upgrade[23482:80b] FileTransferError {
    body = "Cannot GET /image/image.png";
    code = 3;
    "http_status" = 404;
    source = "http://localhost:8000/image/image.png";
    target = "/Users/sganeshji/Library/Application Support/iPhone Simulator/7.0.3/Applications/6325911D-D338-4D81-94F1-5B2C009DCE94/Documents/sample-auto-upgrade-1/image/image.png";
}
2013-11-02 17:12:54.641 sample-auto-upgrade[23482:80b] File Transfer Finished with response code 200
2013-11-02 17:12:54.662 sample-auto-upgrade[23482:80b] ---------- download error: 3
2013-11-02 17:12:54.663 sample-auto-upgrade[23482:80b] ---------- download of http://localhost:8000/style/style.css complete: /Users/sganeshji/Library/Application Support/iPhone Simulator/7.0.3/Applications/6325911D-D338-4D81-94F1-5B2C009DCE94/Documents/sample-auto-upgrade-1/style/style.css
2013-11-02 17:12:54.664 sample-auto-upgrade[23482:80b] File Transfer Finished with response code 200
2013-11-02 17:12:54.665 sample-auto-upgrade[23482:80b] File Transfer Finished with response code 200
2013-11-02 17:12:54.666 sample-auto-upgrade[23482:80b] ---------- download of http://localhost:8000/script/script.js complete: /Users/sganeshji/Library/Application Support/iPhone Simulator/7.0.3/Applications/6325911D-D338-4D81-94F1-5B2C009DCE94/Documents/sample-auto-upgrade-1/script/script.js
2013-11-02 17:12:54.667 sample-auto-upgrade[23482:80b] ---------- download of http://localhost:8000/index.html complete: /Users/sganeshji/Library/Application Support/iPhone Simulator/7.0.3/Applications/6325911D-D338-4D81-94F1-5B2C009DCE94/Documents/sample-auto-upgrade-1/index.html
2013-11-02 17:13:22.203 sample-auto-upgrade[23557:80b] Multi-tasking -> Device: YES, App: YES
2013-11-02 17:13:22.209 sample-auto-upgrade[23557:80b] Unlimited access to network resources
2013-11-02 17:13:22.306 sample-auto-upgrade[23557:80b] Resetting plugins due to page load.
2013-11-02 17:13:22.363 sample-auto-upgrade[23557:80b] Finished load of: file:///Users/sganeshji/Library/Application%20Support/iPhone%20Simulator/7.0.3/Applications/6325911D-D338-4D81-94F1-5B2C009DCE94/sample-auto-upgrade.app/www/index.html
2013-11-02 17:13:22.402 sample-auto-upgrade[23557:80b] ---------- deviceready: --
2013-11-02 17:13:22.402 sample-auto-upgrade[23557:80b] ---------- Bootstap init: --
2013-11-02 17:13:22.403 sample-auto-upgrade[23557:80b] ---------- downloadManifest: http://localhost:8000/manifest.json
2013-11-02 17:13:22.416 sample-auto-upgrade[23557:80b] ---------- Success: Successfully downloaded manifest.json
2013-11-02 17:13:22.416 sample-auto-upgrade[23557:80b] ---------- Manifest: {"name":"sample-auto-upgrade","version":{"web":1,"ios":1,"android":1},"files":["script/script.js","style/style.css","image/image.png","index.html"]}
2013-11-02 17:13:22.423 sample-auto-upgrade[23557:80b] ---------- App Dir Created: --
2013-11-02 17:13:22.423 sample-auto-upgrade[23557:80b] ---------- Server URL: http://localhost:8000/script/script.js
2013-11-02 17:13:22.424 sample-auto-upgrade[23557:80b] ---------- Local URL: /Users/sganeshji/Library/Application Support/iPhone Simulator/7.0.3/Applications/6325911D-D338-4D81-94F1-5B2C009DCE94/Documents/sample-auto-upgrade-1/script/script.js
2013-11-02 17:13:22.424 sample-auto-upgrade[23557:80b] ---------- Server URL: http://localhost:8000/style/style.css
2013-11-02 17:13:22.425 sample-auto-upgrade[23557:80b] ---------- Local URL: /Users/sganeshji/Library/Application Support/iPhone Simulator/7.0.3/Applications/6325911D-D338-4D81-94F1-5B2C009DCE94/Documents/sample-auto-upgrade-1/style/style.css
2013-11-02 17:13:22.425 sample-auto-upgrade[23557:80b] ---------- Server URL: http://localhost:8000/image/image.png
2013-11-02 17:13:22.425 sample-auto-upgrade[23557:80b] ---------- Local URL: /Users/sganeshji/Library/Application Support/iPhone Simulator/7.0.3/Applications/6325911D-D338-4D81-94F1-5B2C009DCE94/Documents/sample-auto-upgrade-1/image/image.png
2013-11-02 17:13:22.426 sample-auto-upgrade[23557:80b] ---------- Server URL: http://localhost:8000/index.html
2013-11-02 17:13:22.426 sample-auto-upgrade[23557:80b] ---------- Local URL: /Users/sganeshji/Library/Application Support/iPhone Simulator/7.0.3/Applications/6325911D-D338-4D81-94F1-5B2C009DCE94/Documents/sample-auto-upgrade-1/index.html
2013-11-02 17:13:22.435 sample-auto-upgrade[23557:80b] File Transfer Finished with response code 200
2013-11-02 17:13:22.436 sample-auto-upgrade[23557:80b] File Transfer Finished with response code 200
2013-11-02 17:13:22.437 sample-auto-upgrade[23557:80b] File Transfer Finished with response code 200
2013-11-02 17:13:22.453 sample-auto-upgrade[23557:80b] ---------- download of http://localhost:8000/script/script.js complete: /Users/sganeshji/Library/Application Support/iPhone Simulator/7.0.3/Applications/6325911D-D338-4D81-94F1-5B2C009DCE94/Documents/sample-auto-upgrade-1/script/script.js
2013-11-02 17:13:22.454 sample-auto-upgrade[23557:80b] ---------- download of http://localhost:8000/index.html complete: /Users/sganeshji/Library/Application Support/iPhone Simulator/7.0.3/Applications/6325911D-D338-4D81-94F1-5B2C009DCE94/Documents/sample-auto-upgrade-1/index.html
2013-11-02 17:13:22.455 sample-auto-upgrade[23557:80b] ---------- download of http://localhost:8000/style/style.css complete: /Users/sganeshji/Library/Application Support/iPhone Simulator/7.0.3/Applications/6325911D-D338-4D81-94F1-5B2C009DCE94/Documents/sample-auto-upgrade-1/style/style.css
2013-11-02 17:13:22.455 sample-auto-upgrade[23557:80b] File Transfer Finished with response code 404
2013-11-02 17:13:22.456 sample-auto-upgrade[23557:80b] FileTransferError {
    body = "Cannot GET /image/image.png";
    code = 3;
    "http_status" = 404;
    source = "http://localhost:8000/image/image.png";
    target = "/Users/sganeshji/Library/Application Support/iPhone Simulator/7.0.3/Applications/6325911D-D338-4D81-94F1-5B2C009DCE94/Documents/sample-auto-upgrade-1/image/image.png";
}
2013-11-02 17:13:22.457 sample-auto-upgrade[23557:80b] ---------- download error: 3
